C51 COMPILER V9.60.0.0   MAIN                                                              08/26/2024 21:57:34 PAGE 1   


C51 COMPILER V9.60.0.0, COMPILATION OF MODULE MAIN
OBJECT MODULE PLACED IN .\Objects\main.obj
COMPILER INVOKED BY: D:\Keil_v5\C51\BIN\C51.EXE main.c OPTIMIZE(8,SPEED) BROWSE DEBUG OBJECTEXTEND PRINT(.\Listings\main
                    -.lst) TABS(2) OBJECT(.\Objects\main.obj)

line level    source

   1          #include "reg52.h"
   2          unsigned char speed,compare;
   3          #define TIMS (65536 - 922)
   4          
   5          sbit dc_an1 = P1^0;
   6          
   7          void delay_ms(unsigned int xms)   //@12MHz
   8          {
   9   1          unsigned int i, j;
  10   1          for(i=xms;i>0;i--)
  11   1          {
  12   2              for(j=124;j>0;j--)
  13   2              {}
  14   2          }
  15   1      }
  16          
  17          void Timer0() interrupt 1
  18          {
  19   1              //每次产生中断后重新设置下次定时器初值 - 1毫秒产生1次中断
  20   1              TH0 = TIMS >> 8;
  21   1              TL0 = TIMS;
  22   1              //当compare为10时，输出10ms高电平，90ms低电平
  23   1              //当compare为60时，输出60ms高电平，40ms低电平
  24   1              //当compare为90时，输出90ms高电平，10ms低电平
  25   1              speed++;//定时计数器的计数值，1ms加1
  26   1              speed%=100;//限制speed在0-100内
  27   1              if(speed<compare)//计数值与比较值进行比较
  28   1              {
  29   2                  dc_an1=1;
  30   2              }
  31   1              else
  32   1              {       
  33   2                  dc_an1=0;
  34   2              }
  35   1      }
  36          
  37          void main(){
  38   1        while(1){
  39   2              TMOD = 0x01;      //配置定时器0为16位定时器，TH0、TL0全用
  40   2              TH0 = TIMS >> 8;  //设置定时初值高8位
  41   2              TL0 = TIMS;       //设置定时初值低8位
  42   2              ET0 = 1;  //开启定时器0中断                                          
  43   2              EA  = 1;  //开启全局中断                                                      
  44   2              TR0 = 1;  //定时器0开始计数  
  45   2              //初始化电机，停止运行
  46   2              dc_an1 = 0;
  47   2          
  48   2          
  49   2          while(1){
  50   3                  compare=1;
  51   3                  delay_ms(5000);
  52   3                  compare=5;
  53   3                  delay_ms(5000);
  54   3                  compare=10;
C51 COMPILER V9.60.0.0   MAIN                                                              08/26/2024 21:57:34 PAGE 2   

  55   3                  delay_ms(5000);
  56   3                  compare=15;
  57   3                  delay_ms(5000);
  58   3              }
  59   2        }
  60   1      }


MODULE INFORMATION:   STATIC OVERLAYABLE
   CODE SIZE        =    120    ----
   CONSTANT SIZE    =   ----    ----
   XDATA SIZE       =   ----    ----
   PDATA SIZE       =   ----    ----
   DATA SIZE        =      2    ----
   IDATA SIZE       =   ----    ----
   BIT SIZE         =   ----    ----
END OF MODULE INFORMATION.


C51 COMPILATION COMPLETE.  0 WARNING(S),  0 ERROR(S)
