C51 COMPILER V9.60.0.0   MAIN                                                              08/26/2024 21:22:31 PAGE 1   


C51 COMPILER V9.60.0.0, COMPILATION OF MODULE MAIN
OBJECT MODULE PLACED IN .\Objects\main.obj
COMPILER INVOKED BY: D:\Keil_v5\C51\BIN\C51.EXE main.c OPTIMIZE(8,SPEED) BROWSE DEBUG OBJECTEXTEND PRINT(.\Listings\main
                    -.lst) TABS(2) OBJECT(.\Objects\main.obj)

line level    source

   1          #include "reg52.h"
   2          
   3          sbit led = P2^0;
   4          
   5          void Delayus(unsigned int t)  //@11.0592MHz
   6          {
   7   1        while(t--){
   8   2          unsigned int i;
   9   2          i=2;
  10   2          while(--i);
  11   2        }
  12   1      }
  13          
  14          
  15          void main(){
  16   1        int time = 0;
  17   1        led = 0;
  18   1        
  19   1        while(1){
  20   2          for(time = 0;time < 300;time++){ //´Ó°µÖð½¥±äÁÁ
  21   3            led = 0;
  22   3            Delayus(time);
  23   3            led = 1;
  24   3            Delayus(300 - time);
  25   3          }
  26   2          for(time = 0;time < 300;time++){ //´ÓÁÁÖð½¥±ä°µ
  27   3            led = 1;
  28   3            Delayus(time);
  29   3            led = 0;
  30   3            Delayus(300 - time);
  31   3          }
  32   2        }
  33   1      }


MODULE INFORMATION:   STATIC OVERLAYABLE
   CODE SIZE        =    106    ----
   CONSTANT SIZE    =   ----    ----
   XDATA SIZE       =   ----    ----
   PDATA SIZE       =   ----    ----
   DATA SIZE        =   ----       2
   IDATA SIZE       =   ----    ----
   BIT SIZE         =   ----    ----
END OF MODULE INFORMATION.


C51 COMPILATION COMPLETE.  0 WARNING(S),  0 ERROR(S)
