C51 COMPILER V9.60.0.0   MAIN                                                              08/26/2024 17:25:02 PAGE 1   


C51 COMPILER V9.60.0.0, COMPILATION OF MODULE MAIN
OBJECT MODULE PLACED IN .\Objects\main.obj
COMPILER INVOKED BY: D:\Keil_v5\C51\BIN\C51.EXE main.c OPTIMIZE(8,SPEED) BROWSE DEBUG OBJECTEXTEND PRINT(.\Listings\main
                    -.lst) TABS(2) OBJECT(.\Objects\main.obj)

line level    source

   1          /*#include "reg52.h"
   2          
   3          sfr IPH = 0xB7;
   4          
   5          sbit key = P3^1;
   6          sbit led1 = P2^0;
   7          
   8          void delay_ms(unsigned int xms)   //@12MHz
   9          {
  10              unsigned int i, j;
  11              for(i=xms;i>0;i--)
  12              {
  13                  for(j=124;j>0;j--)
  14                  {}
  15              }
  16          }
  17          
  18          void exit_int0() interrupt 0
  19          {
  20            if(key == 0)
  21            {
  22              led1 = ~led1;
  23              delay_ms(1000);
  24            }
  25          }
  26          
  27          void exit_int1() interrupt 2
  28          {
  29            if(key == 0)
  30            {
  31              led1 = ~led1;
  32              delay_ms(1000);
  33            }
  34          }
  35          
  36          
  37          
  38          void main()
  39          {
  40            IT0 = 1;
  41            EX0 = 1;
  42            
  43            IT1 = 1;
  44            EX1 = 1;
  45            
  46            IPH = 0x04;
  47            PX0 = 0;
  48            PX1 = 1;
  49            
  50            EA = 1;
  51            
  52            
  53            led1 = 0;
  54            while(1){
C51 COMPILER V9.60.0.0   MAIN                                                              08/26/2024 17:25:02 PAGE 2   

  55              delay_ms(20000);
  56            }
  57          }*/
  58          
  59          #include <reg52.h>
  60          
  61          sfr P4    = 0xe8;                   //for 89C5xRC/RD+ series and 90C5xRc/RD+, location at 0E8H
  62          sbit INT2 = P4^3;
  63          sbit INT3 = P4^2;
  64          
  65          sfr XICON = 0xc0;                   //for 89C5xRC/RD+ series and 90C5xRc/RD+, location at 0C0H
  66          sbit PX3  = XICON^7;
  67          sbit EX3  = XICON^6;
  68          sbit IE3  = XICON^5;
  69          sbit IT3  = XICON^4;
  70          sbit PX2  = XICON^3;
  71          sbit EX2  = XICON^2;
  72          sbit IE2  = XICON^1;
  73          sbit IT2  = XICON^0;
  74          
  75          sbit key1 = P4^3;
  76          sbit led1 = P2^7;
  77          
  78          void delay_ms(unsigned int xms)   //@12MHz
  79          {
  80   1          unsigned int i, j;
  81   1          for(i=xms;i>0;i--)
  82   1          {
  83   2              for(j=124;j>0;j--)
  84   2              {}
  85   2          }
  86   1      }
  87          
  88          void exit2() interrupt 6
  89          {
  90   1              //?????????
  91   1        if(key1 == 0)
  92   1        {
  93   2           led1= !led1;
  94   2           delay_ms(1000);
  95   2        }
  96   1      }
  97          
  98          void main()
  99          {
 100   1          IT2 = 1; //????????????
 101   1          EX2 = 1; //????2??
 102   1          EA = 1;  //????
 103   1          led1 = 0;
 104   1          while(1)
 105   1          {
 106   2               delay_ms(20000);
 107   2          }                
 108   1      }


MODULE INFORMATION:   STATIC OVERLAYABLE
   CODE SIZE        =     87    ----
   CONSTANT SIZE    =   ----    ----
   XDATA SIZE       =   ----    ----
   PDATA SIZE       =   ----    ----
   DATA SIZE        =   ----    ----
C51 COMPILER V9.60.0.0   MAIN                                                              08/26/2024 17:25:02 PAGE 3   

   IDATA SIZE       =   ----    ----
   BIT SIZE         =   ----    ----
END OF MODULE INFORMATION.


C51 COMPILATION COMPLETE.  0 WARNING(S),  0 ERROR(S)
