C51 COMPILER V9.60.0.0   MAIN                                                              08/26/2024 21:06:42 PAGE 1   


C51 COMPILER V9.60.0.0, COMPILATION OF MODULE MAIN
OBJECT MODULE PLACED IN .\Objects\main.obj
COMPILER INVOKED BY: D:\Keil_v5\C51\BIN\C51.EXE main.c OPTIMIZE(8,SPEED) BROWSE DEBUG OBJECTEXTEND PRINT(.\Listings\main
                    -.lst) TABS(2) OBJECT(.\Objects\main.obj)

line level    source

   1          #include "reg52.h"
   2          
   3          sbit BEEP = P2^5;
   4          
   5          void delay_ms(unsigned int xms){
   6   1        unsigned int i,j;
   7   1        for(i=xms;i>0;i--)
   8   1        {
   9   2          for(j=124;j>0;j--){}
  10   2        }
  11   1      }
  12          
  13          void main()
  14          {
  15   1        while(1){
  16   2          BEEP = 0;
  17   2          delay_ms(2);
  18   2          BEEP = 1;
  19   2          delay_ms(2);
  20   2        }
  21   1      }


MODULE INFORMATION:   STATIC OVERLAYABLE
   CODE SIZE        =     50    ----
   CONSTANT SIZE    =   ----    ----
   XDATA SIZE       =   ----    ----
   PDATA SIZE       =   ----    ----
   DATA SIZE        =   ----    ----
   IDATA SIZE       =   ----    ----
   BIT SIZE         =   ----    ----
END OF MODULE INFORMATION.


C51 COMPILATION COMPLETE.  0 WARNING(S),  0 ERROR(S)
