C51 COMPILER V9.60.0.0   MAIN                                                              08/26/2024 15:39:59 PAGE 1   


C51 COMPILER V9.60.0.0, COMPILATION OF MODULE MAIN
OBJECT MODULE PLACED IN .\Objects\main.obj
COMPILER INVOKED BY: D:\Keil_v5\C51\BIN\C51.EXE main.c OPTIMIZE(8,SPEED) BROWSE DEBUG OBJECTEXTEND PRINT(.\Listings\main
                    -.lst) TABS(2) OBJECT(.\Objects\main.obj)

line level    source

   1          #include "reg52.h"
   2          #include "intrins.h"
   3          
   4          sbit LED1 = P2^0;
   5          sbit LED2 = P2^1;
   6          sbit LED3 = P2^2;
   7          
   8          void Delay500ms(void) //@11.0592MHz
   9          {
  10   1        unsigned char data i, j, k;
  11   1      
  12   1        _nop_();
  13   1        i = 4;
  14   1        j = 129;
  15   1        k = 119;
  16   1        do
  17   1        {
  18   2          do
  19   2          {
  20   3            while (--k);
  21   3          } while (--j);
  22   2        } while (--i);
  23   1      }
  24          
  25          
  26          void main(){
  27   1        //LED1 = 0;
  28   1        while(1){
  29   2          LED3=1;
  30   2          LED1=0;
  31   2          Delay500ms();
  32   2          LED1=1;
  33   2          LED2=0;
  34   2          Delay500ms();
  35   2          LED2=1;
  36   2          LED3=0;
  37   2          Delay500ms();
  38   2          
  39   2        }
  40   1      }


MODULE INFORMATION:   STATIC OVERLAYABLE
   CODE SIZE        =     37    ----
   CONSTANT SIZE    =   ----    ----
   XDATA SIZE       =   ----    ----
   PDATA SIZE       =   ----    ----
   DATA SIZE        =   ----    ----
   IDATA SIZE       =   ----    ----
   BIT SIZE         =   ----    ----
END OF MODULE INFORMATION.


C51 COMPILATION COMPLETE.  0 WARNING(S),  0 ERROR(S)
