C51 COMPILER V9.60.0.0   MAIN                                                              08/26/2024 16:55:04 PAGE 1   


C51 COMPILER V9.60.0.0, COMPILATION OF MODULE MAIN
OBJECT MODULE PLACED IN .\Objects\main.obj
COMPILER INVOKED BY: D:\Keil_v5\C51\BIN\C51.EXE main.c OPTIMIZE(8,SPEED) BROWSE DEBUG OBJECTEXTEND PRINT(.\Listings\main
                    -.lst) TABS(2) OBJECT(.\Objects\main.obj)

line level    source

   1          #include "reg52.h"
   2          
   3          sbit key1 = P3^1;
   4          sbit led1 = P2^0;
   5          
   6          void delay_ms(unsigned int xms)   //@12MHz
   7          {
   8   1          unsigned int i, j;
   9   1          for(i=xms;i>0;i--)
  10   1          {
  11   2              for(j=124;j>0;j--)
  12   2              {}
  13   2          }
  14   1      }
  15          
  16          void exit1() interrupt 2
  17          {
  18   1        if(key1 == 0){
  19   2            led1 = ~led1;
  20   2            delay_ms(1000);
  21   2          }
  22   1      }
  23          
  24          void main(){
  25   1        /*while(1){
  26   1          if(key1 == 0){
  27   1            delay_ms(30);
  28   1            if(key1 == 0) //push
  29   1            {
  30   1              led1 = ~led1;
  31   1              delay_ms(100);
  32   1            }
  33   1          }
  34   1        }*/
  35   1        PX1=1;
  36   1        IT1 = 1; //设置外部中断源INT0的判断方式为下降沿触发
  37   1        EX1 = 1; //允许外部中断源0
  38   1        EA = 1; //cpu接受中断
  39   1        while(1){
  40   2          delay_ms(20000);
  41   2        }
  42   1      }


MODULE INFORMATION:   STATIC OVERLAYABLE
   CODE SIZE        =     87    ----
   CONSTANT SIZE    =   ----    ----
   XDATA SIZE       =   ----    ----
   PDATA SIZE       =   ----    ----
   DATA SIZE        =   ----    ----
   IDATA SIZE       =   ----    ----
   BIT SIZE         =   ----    ----
END OF MODULE INFORMATION.


C51 COMPILATION COMPLETE.  0 WARNING(S),  0 ERROR(S)
