C51 COMPILER V9.60.0.0   MAIN                                                              08/26/2024 22:26:42 PAGE 1   


C51 COMPILER V9.60.0.0, COMPILATION OF MODULE MAIN
OBJECT MODULE PLACED IN .\Objects\main.obj
COMPILER INVOKED BY: D:\Keil_v5\C51\BIN\C51.EXE main.c OPTIMIZE(8,SPEED) BROWSE DEBUG OBJECTEXTEND PRINT(.\Listings\main
                    -.lst) TABS(2) OBJECT(.\Objects\main.obj)

line level    source

   1          #include "reg52.h"
   2          #include <stdio.h>  
   3          
   4          sfr WDT_CONTR = 0xe1;
   5          
   6          void UartInit(void)                //9600bps@11.0592MHz
   7          {
   8   1              PCON &= 0x7F;                //波特率不倍速
   9   1              SCON = 0x50;                //8位数据,可变波特率
  10   1              TMOD &= 0x0F;                //清除定时器1模式位
  11   1              TMOD |= 0x20;                //设定定时器1为8位自动重装方式
  12   1              TL1 = 0xFD;                //设定定时初值
  13   1              TH1 = 0xFD;                //设定定时器重装值
  14   1              ET1 = 0;                //禁止定时器1中断
  15   1              TR1 = 1;                //启动定时器1
  16   1      }
  17          
  18          /*
  19          **重写printf调用的putchar函数，重定向到串口输出
  20          **需要引入头文件<stdio.h>
  21          *****/
  22          char putchar(char dat){
  23   1              //输出重定向到串口
  24   1              SBUF = dat;     //写入发送缓冲寄存器
  25   1              while(!TI);    //等待发送完成，TI发送溢出标志位 置1
  26   1              TI = 0;      //对溢出标志位清零
  27   1              return dat;  //返回给函数的调用者printf
  28   1      }
  29          void delayms(unsigned int xms) {
  30   1          unsigned int i,j;
  31   1          for (i=xms;i>0;i--)
  32   1          for(j=110;j>0;j--);
  33   1      }
  34          
  35          void main(){
  36   1        UartInit();
  37   1        printf("system init\n");
  38   1        WDT_CONTR = 0x35; //设置看门狗,溢出时间是2.2s
  39   1        while(1){
  40   2          WDT_CONTR = 0x35;
  41   2          delayms(1000);
  42   2        }
  43   1      }


MODULE INFORMATION:   STATIC OVERLAYABLE
   CODE SIZE        =     88    ----
   CONSTANT SIZE    =     13    ----
   XDATA SIZE       =   ----    ----
   PDATA SIZE       =   ----    ----
   DATA SIZE        =   ----    ----
   IDATA SIZE       =   ----    ----
   BIT SIZE         =   ----    ----
END OF MODULE INFORMATION.

C51 COMPILER V9.60.0.0   MAIN                                                              08/26/2024 22:26:42 PAGE 2   


C51 COMPILATION COMPLETE.  0 WARNING(S),  0 ERROR(S)
