C51 COMPILER V9.60.0.0   MAIN                                                              08/26/2024 20:31:59 PAGE 1   


C51 COMPILER V9.60.0.0, COMPILATION OF MODULE MAIN
OBJECT MODULE PLACED IN .\Objects\main.obj
COMPILER INVOKED BY: D:\Keil_v5\C51\BIN\C51.EXE main.c OPTIMIZE(8,SPEED) BROWSE DEBUG OBJECTEXTEND PRINT(.\Listings\main
                    -.lst) TABS(2) OBJECT(.\Objects\main.obj)

line level    source

   1          #include "reg52.h"
   2          
   3          sbit led = P2^0;
   4          
   5          void main(){
   6   1        char rdata;
   7   1        //模式1:8位bit,波特率可变(常用)
   8   1        
   9   1        //SCON = 0x40;
  10   1        //REN = 1;
  11   1        SCON = 0x50; //REN=1,允许接受数据
  12   1        
  13   1        TMOD &= 0x0F;
  14   1        TMOD |= 0x20;
  15   1        
  16   1        TR1 = 1;
  17   1        TL1 = 0xFD;
  18   1        TH1 = 0xFD;
  19   1        
  20   1        
  21   1        while(1){
  22   2          if(RI == 1){
  23   3            RI = 0;
  24   3            rdata = SBUF;
  25   3            if(rdata == 'O'){
  26   4              //点亮led
  27   4              led = 0;
  28   4            }
  29   3            if(rdata == 'C'){
  30   4              led = 1;
  31   4            }
  32   3          }
  33   2        }
  34   1      }


MODULE INFORMATION:   STATIC OVERLAYABLE
   CODE SIZE        =     36    ----
   CONSTANT SIZE    =   ----    ----
   XDATA SIZE       =   ----    ----
   PDATA SIZE       =   ----    ----
   DATA SIZE        =   ----    ----
   IDATA SIZE       =   ----    ----
   BIT SIZE         =   ----    ----
END OF MODULE INFORMATION.


C51 COMPILATION COMPLETE.  0 WARNING(S),  0 ERROR(S)
