C51 COMPILER V9.60.0.0   MAIN                                                              08/26/2024 19:52:44 PAGE 1   


C51 COMPILER V9.60.0.0, COMPILATION OF MODULE MAIN
OBJECT MODULE PLACED IN .\Objects\main.obj
COMPILER INVOKED BY: D:\Keil_v5\C51\BIN\C51.EXE main.c OPTIMIZE(8,SPEED) BROWSE DEBUG OBJECTEXTEND PRINT(.\Listings\main
                    -.lst) TABS(2) OBJECT(.\Objects\main.obj)

line level    source

   1          #include "reg52.h"
   2          
   3          void send_str(char str[])
   4          {
   5   1        int i=0;
   6   1        while(str[i] != '\0'){
   7   2          SBUF = str[i];
   8   2          while(TI == 0);
   9   2          TI = 0;
  10   2          i++;
  11   2        }
  12   1      }
  13          
  14          void main(){
  15   1        //配置串口模式为模式1
  16   1        SM0 = 0;
  17   1        SM1 = 1;
  18   1        
  19   1        TMOD = 0x20; //设置定时器1工作模式2 8位自动重载
  20   1        TR1 = 1;
  21   1        TL1 = 0xFD; //设置装载
  22   1        TH1 = 0xFD;
  23   1        
  24   1        PCON = 0;
  25   1        
  26   1        //SBUF = 0x30;
  27   1        send_str("hello_world!");
  28   1        while(1){}
  29   1      }


MODULE INFORMATION:   STATIC OVERLAYABLE
   CODE SIZE        =     68    ----
   CONSTANT SIZE    =     13    ----
   XDATA SIZE       =   ----    ----
   PDATA SIZE       =   ----    ----
   DATA SIZE        =   ----       3
   IDATA SIZE       =   ----    ----
   BIT SIZE         =   ----    ----
END OF MODULE INFORMATION.


C51 COMPILATION COMPLETE.  0 WARNING(S),  0 ERROR(S)
